[debug] [2025-03-04T05:32:21.362Z] ----------------------------------------------------------------------
[debug] [2025-03-04T05:32:21.371Z] Command:       /Users/juansgr/.nvm/versions/node/v22.14.0/bin/node /Users/juansgr/.nvm/versions/node/v20.17.0/bin/firebase deploy --only functions
[debug] [2025-03-04T05:32:21.371Z] CLI Version:   13.32.0
[debug] [2025-03-04T05:32:21.372Z] Platform:      darwin
[debug] [2025-03-04T05:32:21.372Z] Node Version:  v22.14.0
[debug] [2025-03-04T05:32:21.372Z] Time:          Tue Mar 04 2025 00:32:21 GMT-0500 (Colombia Standard Time)
[debug] [2025-03-04T05:32:21.372Z] ----------------------------------------------------------------------
[debug] 
[debug] [2025-03-04T05:32:21.533Z] > command requires scopes: ["email","openid","https://www.googleapis.com/auth/cloudplatformprojects.readonly","https://www.googleapis.com/auth/firebase","https://www.googleapis.com/auth/cloud-platform"]
[debug] [2025-03-04T05:32:21.534Z] > authorizing via signed-in user (juansgr96@gmail.com)
[debug] [2025-03-04T05:32:21.534Z] [iam] checking project carco-29604 for permissions ["cloudfunctions.functions.create","cloudfunctions.functions.delete","cloudfunctions.functions.get","cloudfunctions.functions.list","cloudfunctions.functions.update","cloudfunctions.operations.get","firebase.projects.get"]
[debug] [2025-03-04T05:32:21.535Z] Checked if tokens are valid: true, expires at: 1741069118440
[debug] [2025-03-04T05:32:21.535Z] Checked if tokens are valid: true, expires at: 1741069118440
[debug] [2025-03-04T05:32:21.536Z] >>> [apiv2][query] POST https://cloudresourcemanager.googleapis.com/v1/projects/carco-29604:testIamPermissions [none]
[debug] [2025-03-04T05:32:21.536Z] >>> [apiv2][(partial)header] POST https://cloudresourcemanager.googleapis.com/v1/projects/carco-29604:testIamPermissions x-goog-quota-user=projects/carco-29604
[debug] [2025-03-04T05:32:21.537Z] >>> [apiv2][body] POST https://cloudresourcemanager.googleapis.com/v1/projects/carco-29604:testIamPermissions {"permissions":["cloudfunctions.functions.create","cloudfunctions.functions.delete","cloudfunctions.functions.get","cloudfunctions.functions.list","cloudfunctions.functions.update","cloudfunctions.operations.get","firebase.projects.get"]}
[debug] [2025-03-04T05:32:22.119Z] <<< [apiv2][status] POST https://cloudresourcemanager.googleapis.com/v1/projects/carco-29604:testIamPermissions 200
[debug] [2025-03-04T05:32:22.120Z] <<< [apiv2][body] POST https://cloudresourcemanager.googleapis.com/v1/projects/carco-29604:testIamPermissions {"permissions":["cloudfunctions.functions.create","cloudfunctions.functions.delete","cloudfunctions.functions.get","cloudfunctions.functions.list","cloudfunctions.functions.update","cloudfunctions.operations.get","firebase.projects.get"]}
[debug] [2025-03-04T05:32:22.120Z] Checked if tokens are valid: true, expires at: 1741069118440
[debug] [2025-03-04T05:32:22.120Z] Checked if tokens are valid: true, expires at: 1741069118440
[debug] [2025-03-04T05:32:22.120Z] >>> [apiv2][query] POST https://iam.googleapis.com/v1/projects/carco-29604/serviceAccounts/carco-29604@appspot.gserviceaccount.com:testIamPermissions [none]
[debug] [2025-03-04T05:32:22.120Z] >>> [apiv2][body] POST https://iam.googleapis.com/v1/projects/carco-29604/serviceAccounts/carco-29604@appspot.gserviceaccount.com:testIamPermissions {"permissions":["iam.serviceAccounts.actAs"]}
[debug] [2025-03-04T05:32:22.619Z] <<< [apiv2][status] POST https://iam.googleapis.com/v1/projects/carco-29604/serviceAccounts/carco-29604@appspot.gserviceaccount.com:testIamPermissions 200
[debug] [2025-03-04T05:32:22.619Z] <<< [apiv2][body] POST https://iam.googleapis.com/v1/projects/carco-29604/serviceAccounts/carco-29604@appspot.gserviceaccount.com:testIamPermissions {"permissions":["iam.serviceAccounts.actAs"]}
[info] 
[info] === Deploying to 'carco-29604'...
[info] 
[info] i  deploying functions 
[debug] [2025-03-04T05:32:22.622Z] Checked if tokens are valid: true, expires at: 1741069118440
[debug] [2025-03-04T05:32:22.622Z] Checked if tokens are valid: true, expires at: 1741069118440
[debug] [2025-03-04T05:32:22.622Z] >>> [apiv2][query] GET https://cloudresourcemanager.googleapis.com/v1/projects/carco-29604 [none]
[debug] [2025-03-04T05:32:22.741Z] <<< [apiv2][status] GET https://cloudresourcemanager.googleapis.com/v1/projects/carco-29604 200
[debug] [2025-03-04T05:32:22.741Z] <<< [apiv2][body] GET https://cloudresourcemanager.googleapis.com/v1/projects/carco-29604 {"projectNumber":"933837395926","projectId":"carco-29604","lifecycleState":"ACTIVE","name":"carco","labels":{"firebase":"enabled","firebase-core":"disabled"},"createTime":"2025-02-19T00:02:06.802203Z"}
[info] i  functions: preparing codebase default for deployment 
[info] i  functions: ensuring required API cloudfunctions.googleapis.com is enabled... 
[debug] [2025-03-04T05:32:22.743Z] Checked if tokens are valid: true, expires at: 1741069118440
[debug] [2025-03-04T05:32:22.743Z] Checked if tokens are valid: true, expires at: 1741069118440
[debug] [2025-03-04T05:32:22.743Z] Checked if tokens are valid: true, expires at: 1741069118440
[debug] [2025-03-04T05:32:22.743Z] Checked if tokens are valid: true, expires at: 1741069118440
[info] i  functions: ensuring required API cloudbuild.googleapis.com is enabled... 
[debug] [2025-03-04T05:32:22.744Z] Checked if tokens are valid: true, expires at: 1741069118440
[debug] [2025-03-04T05:32:22.744Z] Checked if tokens are valid: true, expires at: 1741069118440
[info] i  artifactregistry: ensuring required API artifactregistry.googleapis.com is enabled... 
[debug] [2025-03-04T05:32:22.744Z] Checked if tokens are valid: true, expires at: 1741069118440
[debug] [2025-03-04T05:32:22.744Z] Checked if tokens are valid: true, expires at: 1741069118440
[debug] [2025-03-04T05:32:22.744Z] >>> [apiv2][query] GET https://serviceusage.googleapis.com/v1/projects/carco-29604/services/cloudfunctions.googleapis.com [none]
[debug] [2025-03-04T05:32:22.744Z] >>> [apiv2][(partial)header] GET https://serviceusage.googleapis.com/v1/projects/carco-29604/services/cloudfunctions.googleapis.com x-goog-quota-user=projects/carco-29604
[debug] [2025-03-04T05:32:22.746Z] >>> [apiv2][query] GET https://serviceusage.googleapis.com/v1/projects/carco-29604/services/runtimeconfig.googleapis.com [none]
[debug] [2025-03-04T05:32:22.746Z] >>> [apiv2][(partial)header] GET https://serviceusage.googleapis.com/v1/projects/carco-29604/services/runtimeconfig.googleapis.com x-goog-quota-user=projects/carco-29604
[debug] [2025-03-04T05:32:22.747Z] >>> [apiv2][query] GET https://serviceusage.googleapis.com/v1/projects/carco-29604/services/cloudbuild.googleapis.com [none]
[debug] [2025-03-04T05:32:22.747Z] >>> [apiv2][(partial)header] GET https://serviceusage.googleapis.com/v1/projects/carco-29604/services/cloudbuild.googleapis.com x-goog-quota-user=projects/carco-29604
[debug] [2025-03-04T05:32:22.748Z] >>> [apiv2][query] GET https://serviceusage.googleapis.com/v1/projects/carco-29604/services/artifactregistry.googleapis.com [none]
[debug] [2025-03-04T05:32:22.748Z] >>> [apiv2][(partial)header] GET https://serviceusage.googleapis.com/v1/projects/carco-29604/services/artifactregistry.googleapis.com x-goog-quota-user=projects/carco-29604
[debug] [2025-03-04T05:32:23.445Z] <<< [apiv2][status] GET https://serviceusage.googleapis.com/v1/projects/carco-29604/services/artifactregistry.googleapis.com 200
[debug] [2025-03-04T05:32:23.445Z] <<< [apiv2][body] GET https://serviceusage.googleapis.com/v1/projects/carco-29604/services/artifactregistry.googleapis.com [omitted]
[info] ✔  artifactregistry: required API artifactregistry.googleapis.com is enabled 
[debug] [2025-03-04T05:32:23.447Z] <<< [apiv2][status] GET https://serviceusage.googleapis.com/v1/projects/carco-29604/services/runtimeconfig.googleapis.com 200
[debug] [2025-03-04T05:32:23.447Z] <<< [apiv2][body] GET https://serviceusage.googleapis.com/v1/projects/carco-29604/services/runtimeconfig.googleapis.com [omitted]
[debug] [2025-03-04T05:32:23.447Z] <<< [apiv2][status] GET https://serviceusage.googleapis.com/v1/projects/carco-29604/services/cloudbuild.googleapis.com 200
[debug] [2025-03-04T05:32:23.447Z] <<< [apiv2][body] GET https://serviceusage.googleapis.com/v1/projects/carco-29604/services/cloudbuild.googleapis.com [omitted]
[info] ✔  functions: required API cloudbuild.googleapis.com is enabled 
[debug] [2025-03-04T05:32:23.448Z] <<< [apiv2][status] GET https://serviceusage.googleapis.com/v1/projects/carco-29604/services/cloudfunctions.googleapis.com 200
[debug] [2025-03-04T05:32:23.448Z] <<< [apiv2][body] GET https://serviceusage.googleapis.com/v1/projects/carco-29604/services/cloudfunctions.googleapis.com [omitted]
[info] ✔  functions: required API cloudfunctions.googleapis.com is enabled 
[debug] [2025-03-04T05:32:23.448Z] Checked if tokens are valid: true, expires at: 1741069118440
[debug] [2025-03-04T05:32:23.448Z] Checked if tokens are valid: true, expires at: 1741069118440
[debug] [2025-03-04T05:32:23.448Z] >>> [apiv2][query] GET https://firebase.googleapis.com/v1beta1/projects/carco-29604/adminSdkConfig [none]
[debug] [2025-03-04T05:32:23.769Z] <<< [apiv2][status] GET https://firebase.googleapis.com/v1beta1/projects/carco-29604/adminSdkConfig 200
[debug] [2025-03-04T05:32:23.769Z] <<< [apiv2][body] GET https://firebase.googleapis.com/v1beta1/projects/carco-29604/adminSdkConfig {"projectId":"carco-29604","storageBucket":"carco-29604.firebasestorage.app"}
[debug] [2025-03-04T05:32:23.770Z] Checked if tokens are valid: true, expires at: 1741069118440
[debug] [2025-03-04T05:32:23.770Z] Checked if tokens are valid: true, expires at: 1741069118440
[debug] [2025-03-04T05:32:23.770Z] >>> [apiv2][query] GET https://runtimeconfig.googleapis.com/v1beta1/projects/carco-29604/configs [none]
[debug] [2025-03-04T05:32:24.262Z] <<< [apiv2][status] GET https://runtimeconfig.googleapis.com/v1beta1/projects/carco-29604/configs 200
[debug] [2025-03-04T05:32:24.262Z] <<< [apiv2][body] GET https://runtimeconfig.googleapis.com/v1beta1/projects/carco-29604/configs {}
[debug] [2025-03-04T05:32:24.263Z] Validating nodejs source
[debug] [2025-03-04T05:32:25.499Z] > [functions] package.json contents: {
  "name": "functions",
  "description": "Cloud Functions for Firebase",
  "scripts": {
    "serve": "firebase emulators:start --only functions",
    "shell": "firebase functions:shell",
    "start": "npm run shell",
    "deploy": "firebase deploy --only functions",
    "logs": "firebase functions:log"
  },
  "engines": {
    "node": "22"
  },
  "main": "index.js",
  "dependencies": {
    "@firebase/firestore": "^4.7.9",
    "firebase": "^11.4.0",
    "firebase-admin": "^13.1.0",
    "firebase-functions": "^6.3.2"
  },
  "devDependencies": {
    "firebase-functions-test": "^3.1.0"
  },
  "private": true
}
[debug] [2025-03-04T05:32:25.500Z] Building nodejs source
[info] i  functions: Loading and analyzing source code for codebase default to determine what to deploy 
[debug] [2025-03-04T05:32:25.501Z] Could not find functions.yaml. Must use http discovery
[debug] [2025-03-04T05:32:25.512Z] Found firebase-functions binary at '/Users/juansgr/projects/carco/functions/node_modules/.bin/firebase-functions'
[info] Serving at port 8197

[debug] [2025-03-04T05:32:26.251Z] Got response from /__/functions.yaml {"endpoints":{"scheduledFunctionCrontab":{"availableMemoryMb":null,"timeoutSeconds":null,"minInstances":null,"maxInstances":null,"ingressSettings":null,"concurrency":null,"serviceAccountEmail":null,"vpc":null,"platform":"gcfv2","region":["europe-west3"],"labels":{},"scheduleTrigger":{"schedule":"35 0 * * *","retryConfig":{},"timeZone":"America/Bogota"},"entryPoint":"scheduledFunctionCrontab"}},"specVersion":"v1alpha1","requiredAPIs":[{"api":"cloudscheduler.googleapis.com","reason":"Needed for scheduled functions."}],"extensions":{}}
